Exception in thread map_inexistent:
Traceback (most recent call last):
  File "/usr/lib/python3.9/threading.py", line 954, in _bootstrap_inner
    self.run()
  File "/hw/tester.py", line 494, in run
    os.remove(self.data["pipeCmd"])
FileNotFoundError: [Errno 2] No such file or directory: 'REQ_PIPE_91328'
Exception in thread read_section:
Traceback (most recent call last):
  File "/usr/lib/python3.9/threading.py", line 954, in _bootstrap_inner
    self.run()
  File "/hw/tester.py", line 494, in run
    os.remove(self.data["pipeCmd"])
FileNotFoundError: [Errno 2] No such file or directory: 'REQ_PIPE_91328'
[1;35mTesting ping...[0m
[TESTER] received string 'CONNECT'
[TESTER] sending string 'ECHO'
[TESTER] received string 'ECHO'
[TESTER] received string 'VARIANT'
[TESTER] received number 91328
[TESTER] sending string 'EXIT'
Test score: 10 / 10
[1;35mTesting shm1...[0m
[TESTER] received string 'CONNECT'
[TESTER] sending string 'CREATE_SHM'
[TESTER] sending number 4051247
[TESTER] received string 'CREATE_SHM'
[TESTER] received string 'SUCCESS'
[TESTER] sending string 'EXIT'
Test score: 10 / 10
[1;35mTesting shm_write...[0m
[TESTER] received string 'CONNECT'
[TESTER] sending string 'CREATE_SHM'
[TESTER] sending number 4051247
[TESTER] received string 'CREATE_SHM'
[TESTER] received string 'SUCCESS'
[TESTER] sending string 'WRITE_TO_SHM'
[TESTER] sending number 17594
[TESTER] sending number 16810091
[TESTER] received string 'CREATE_SHM'
[TESTER] sending string 'EXIT'
	[1;31mTIME LIMIT EXCEEDED[0m
Test score: 0 / 10
[1;35mTesting map_inexistent...[0m
Test score: 0 / 10
[1;35mTesting map1...[0m
[TESTER] received string 'CONNECT'
[TESTER] sending string 'MAP_FILE'
[TESTER] sending string 'test_root/UHAzb7InOC.yi2'
[TESTER] received string 'CREATE_SHM'
[TESTER] sending string 'EXIT'
	[1;31mTIME LIMIT EXCEEDED[0m
Test score: 0 / 5
[1;35mTesting read_offset...[0m
[TESTER] received string 'CONNECT'
[TESTER] sending string 'CREATE_SHM'
[TESTER] sending number 4051247
[TESTER] received string 'CREATE_SHM'
[TESTER] received string 'SUCCESS'
[TESTER] sending string 'MAP_FILE'
[TESTER] sending string 'test_root/UHAzb7InOC.yi2'
[TESTER] received string 'CREATE_SHM'
[TESTER] sending string 'EXIT'
	[1;31mTIME LIMIT EXCEEDED[0m
Test score: 0 / 10
[1;35mTesting read_section...[0m
Test score: 0 / 10
[1;35mTesting read_logical...[0m
[TESTER] received string 'CONNECT'
[TESTER] sending string 'CREATE_SHM'
[TESTER] sending number 4051247
[TESTER] received string 'CREATE_SHM'
[TESTER] received string 'SUCCESS'
[TESTER] sending string 'MAP_FILE'
[TESTER] sending string 'test_root/tfv8tFa86E.Jdi'
[TESTER] received string 'CREATE_SHM'
[TESTER] sending string 'EXIT'
	[1;31mTIME LIMIT EXCEEDED[0m
Test score: 0 / 10

Total score: 20 / 75
Assignment grade: 26.67 / 100
Exception in thread map1:
Traceback (most recent call last):
  File "/usr/lib/python3.9/threading.py", line 954, in _bootstrap_inner
    self.run()
  File "/hw/tester.py", line 496, in run
    os.remove(self.data["pipeRes"])
FileNotFoundError: [Errno 2] No such file or directory: 'RESP_PIPE_91328'
[1;35mTesting ping...[0m
[TESTER] received string 'CONNECT'
[TESTER] sending string 'ECHO'
[TESTER] received string 'ECHO'
[TESTER] received string 'VARIANT'
[TESTER] received number 91328
[TESTER] sending string 'EXIT'
Test score: 10 / 10
[1;35mTesting shm1...[0m
[TESTER] received string 'CONNECT'
[TESTER] sending string 'CREATE_SHM'
[TESTER] sending number 4051247
[TESTER] received string 'CREATE_SHM'
[TESTER] received string 'SUCCESS'
[TESTER] sending string 'EXIT'
Test score: 10 / 10
[1;35mTesting shm_write...[0m
[TESTER] received string 'CONNECT'
[TESTER] sending string 'CREATE_SHM'
[TESTER] sending number 4051247
[TESTER] received string 'CREATE_SHM'
[TESTER] received string 'SUCCESS'
[TESTER] sending string 'WRITE_TO_SHM'
[TESTER] sending number 17594
[TESTER] sending number 16810091
[TESTER] received string 'CREATE_SHM'
[TESTER] sending string 'EXIT'
	[1;31mTIME LIMIT EXCEEDED[0m
Test score: 0 / 10
[1;35mTesting map_inexistent...[0m
[TESTER] received string 'CONNECT'
[TESTER] sending string 'MAP_FILE'
[TESTER] sending string 'test_root/ALfnXSGjom6t.3X7'
[TESTER] received string 'CREATE_SHM'
[TESTER] sending string 'EXIT'
	[1;31mTIME LIMIT EXCEEDED[0m
Test score: 0 / 5
[1;35mTesting map1...[0m
Test score: 0 / 10
[1;35mTesting read_offset...[0m
[TESTER] received string 'CONNECT'
[TESTER] sending string 'CREATE_SHM'
[TESTER] sending number 4051247
[TESTER] received string 'CREATE_SHM'
[TESTER] received string 'SUCCESS'
[TESTER] sending string 'MAP_FILE'
[TESTER] sending string 'test_root/UHAzb7InOC.yi2'
[TESTER] received string 'CREATE_SHM'
[TESTER] sending string 'EXIT'
	[1;31mTIME LIMIT EXCEEDED[0m
Test score: 0 / 10
[1;35mTesting read_section...[0m
[TESTER] could not open response pipe
Test score: 0 / 10
[1;35mTesting read_logical...[0m
[TESTER] received string 'CONNECT'
[TESTER] sending string 'CREATE_SHM'
[TESTER] sending number 4051247
[TESTER] received string 'CREATE_SHM'
[TESTER] received string 'SUCCESS'
[TESTER] sending string 'MAP_FILE'
[TESTER] sending string 'test_root/tfv8tFa86E.Jdi'
[TESTER] received string 'CREATE_SHM'
[TESTER] sending string 'EXIT'
	[1;31mTIME LIMIT EXCEEDED[0m
Test score: 0 / 10

Total score: 20 / 75
Assignment grade: 26.67 / 100
